Removed Pin From Net: NetName=I2C_RS Pin=U5-J19
Removed Pin From Net: NetName=PWM Pin=U5-K17
Removed Pin From Net: NetName=I2C_SDA Pin=U5-K19
Removed Pin From Net: NetName=I2C_CS Pin=U5-L16
Removed Pin From Net: NetName=I2C_RES Pin=U5-L17
Removed Pin From Net: NetName=I2C_SCL Pin=U5-L20
Removed Member From Class: ClassName=Cortex_M Member=C27
Removed Member From Class: ClassName=zynq Member=C94
Removed Member From Class: ClassName=power Member=C141
Removed Member From Class: ClassName=AD9156 Member=C164
Removed Member From Class: ClassName=Cortex_M Member=R14
Removed Member From Class: ClassName=power Member=R93
Added Component: Designator=C79(0201)
Add component (AddParameter): Name = "ComponentLink1Description"; Value = "供应商链接"; VariantName = "[No Variations]"
Add component (AddParameter): Name = "ComponentLink1URL"; Value = "http://www.szlcsc.com/product/details_1877.html"; VariantName = "[No Variations]"
Add component (AddParameter): Name = "Notepad"; Value = ""; VariantName = "[No Variations]"
Add component (AddParameter): Name = "Package"; Value = "0402"; VariantName = "[No Variations]"
Add component (AddParameter): Name = "Supplier"; Value = "LC"; VariantName = "[No Variations]"
Add component (AddParameter): Name = "SuppliersPartNumber"; Value = "C1525"; VariantName = "[No Variations]"
Added Pin To Net: NetName=GND Pin=C79-1
Added Pin To Net: NetName=VCC_1V5 Pin=C79-2
Added Pin To Net: NetName=I2C_CS Pin=U5-D20
Added Pin To Net: NetName=I2C_SCL Pin=U5-G20
Added Pin To Net: NetName=I2C_SDA Pin=U5-H20
Added Pin To Net: NetName=I2C_RS Pin=U5-J20
Added Pin To Net: NetName=PWM Pin=U5-L20
Added Pin To Net: NetName=I2C_RES Pin=U5-M20
Added Member To Class: ClassName=Cortex_M Member=Component C15 100nF
Added Member To Class: ClassName=Cortex_M Member=Component C17 1uF
Added Member To Class: ClassName=Cortex_M Member=Component C19 10uF
Added Member To Class: ClassName=Cortex_M Member=Component C21 100nF
Added Member To Class: ClassName=Cortex_M Member=Component C24 2.2uF
Added Member To Class: ClassName=Cortex_M Member=Component C26 2.2uF
Added Member To Class: ClassName=zynq Member=Component C28 100nF
Added Member To Class: ClassName=zynq Member=Component C30 100nF
Added Member To Class: ClassName=zynq Member=Component C32 100nF
Added Member To Class: ClassName=zynq Member=Component C33 100nF
Added Member To Class: ClassName=zynq Member=Component C35 100nF
Added Member To Class: ClassName=zynq Member=Component C37 100nF
Added Member To Class: ClassName=zynq Member=Component C39 100nF
Added Member To Class: ClassName=zynq Member=Component C41 100nF
Added Member To Class: ClassName=zynq Member=Component C43 100nF
Added Member To Class: ClassName=zynq Member=Component C45 100nF
Added Member To Class: ClassName=zynq Member=Component C47 100nF
Added Member To Class: ClassName=zynq Member=Component C49 100nF
Added Member To Class: ClassName=zynq Member=Component C51 100nF
Added Member To Class: ClassName=zynq Member=Component C53 100nF
Added Member To Class: ClassName=zynq Member=Component C54 100nF
Added Member To Class: ClassName=zynq Member=Component C56 100nF
Added Member To Class: ClassName=zynq Member=Component C58 100nF
Added Member To Class: ClassName=zynq Member=Component C60 100nF
Added Member To Class: ClassName=zynq Member=Component C62 100nF
Added Member To Class: ClassName=zynq Member=Component C64 100nF
Added Member To Class: ClassName=zynq Member=Component C66 100nF
Added Member To Class: ClassName=zynq Member=Component C68 100nF
Added Member To Class: ClassName=zynq Member=Component C70 100nF
Added Member To Class: ClassName=zynq Member=Component C72 100nF
Added Member To Class: ClassName=zynq Member=Component C73 100nF
Added Member To Class: ClassName=zynq Member=Component C75 100nF
Added Member To Class: ClassName=zynq Member=Component C76 100nF
Added Member To Class: ClassName=zynq Member=Component C79 100nF
Added Member To Class: ClassName=zynq Member=Component C80 100nF
Added Member To Class: ClassName=zynq Member=Component C82 100nF
Added Member To Class: ClassName=zynq Member=Component C83 100nF
Added Member To Class: ClassName=zynq Member=Component C85 100nF
Added Member To Class: ClassName=zynq Member=Component C87 100nF
Added Member To Class: ClassName=zynq Member=Component C89 100nF
Added Member To Class: ClassName=zynq Member=Component C91 100nF
Added Member To Class: ClassName=zynq Member=Component C93 100nF
Added Member To Class: ClassName=jtag Member=Component C96 100nF
Added Member To Class: ClassName=jtag Member=Component C98 100nF
Added Member To Class: ClassName=jtag Member=Component C100 100nF
Added Member To Class: ClassName=jtag Member=Component C102 100nF
Added Member To Class: ClassName=jtag Member=Component C104 4.7uF
Added Member To Class: ClassName=power Member=Component C107 100nF
Added Member To Class: ClassName=power Member=Component C108 100uF
Added Member To Class: ClassName=power Member=Component C109 100uF
Added Member To Class: ClassName=power Member=Component C111 22uF
Added Member To Class: ClassName=power Member=Component C113 22uF
Added Member To Class: ClassName=power Member=Component C114 100uF
Added Member To Class: ClassName=power Member=Component C116 10uF
Added Member To Class: ClassName=power Member=Component C118 22uF
Added Member To Class: ClassName=power Member=Component C120 100pF
Added Member To Class: ClassName=power Member=Component C122 100nF
Added Member To Class: ClassName=power Member=Component C123 100uF
Added Member To Class: ClassName=power Member=Component C125 100uF
Added Member To Class: ClassName=power Member=Component C126 100uF
Added Member To Class: ClassName=power Member=Component C128 10uF
Added Member To Class: ClassName=power Member=Component C130 22uF (226) 20% 25V
Added Member To Class: ClassName=power Member=Component C132 100pF
Added Member To Class: ClassName=power Member=Component C134 10uF
Added Member To Class: ClassName=power Member=Component C136 22uF
Added Member To Class: ClassName=power Member=Component C138 100pF
Added Member To Class: ClassName=power Member=Component C139 3.3nF
Added Member To Class: ClassName=AD9156 Member=Component C140 100nF
Added Member To Class: ClassName=AD9156 Member=Component C142 100nF
Added Member To Class: ClassName=AD9156 Member=Component C143 100nF
Added Member To Class: ClassName=AD9156 Member=Component C145 220nF
Added Member To Class: ClassName=AD9156 Member=Component C146 100nF
Added Member To Class: ClassName=AD9156 Member=Component C148 100nF
Added Member To Class: ClassName=AD9156 Member=Component C150 100nF
Added Member To Class: ClassName=AD9156 Member=Component C152 1uF
Added Member To Class: ClassName=AD9156 Member=Component C155 470pF
Added Member To Class: ClassName=AD9156 Member=Component C156 1uF
Added Member To Class: ClassName=AD9156 Member=Component C158 47nF
Added Member To Class: ClassName=AD9156 Member=Component C159 NC
Added Member To Class: ClassName=AD9156 Member=Component C161 100nF
Added Member To Class: ClassName=AD9156 Member=Component C163 220nF
Added Member To Class: ClassName=Risc_V Member=Component C165 100nF
Added Member To Class: ClassName=Risc_V Member=Component C167 100nF
Added Member To Class: ClassName=Risc_V Member=Component C169 100nF
Added Member To Class: ClassName=Risc_V Member=Component C171 100nF
Added Member To Class: ClassName=Risc_V Member=Component C173 100nF
Added Member To Class: ClassName=Risc_V Member=Component C175 100nF
Added Member To Class: ClassName=Risc_V Member=Component C177 100nF
Added Member To Class: ClassName=Risc_V Member=Component C179 4.7uF
Added Member To Class: ClassName=Risc_V Member=Component C181 4.7uF
Added Member To Class: ClassName=Risc_V Member=Component C183 4.7uF
Added Member To Class: ClassName=Risc_V Member=Component C185 4.7uF
Added Member To Class: ClassName=Risc_V Member=Component C187 10uF
Added Member To Class: ClassName=Risc_V Member=Component C189 1uF
Added Member To Class: ClassName=Risc_V Member=Component C191 1.0uF
Added Member To Class: ClassName=Risc_V Member=Component C193 1.0uF
Added Member To Class: ClassName=Risc_V Member=Component C195 100nF
Added Member To Class: ClassName=Risc_V Member=Component C197 100nF
Added Member To Class: ClassName=Risc_V Member=Component C199 100nF
Added Member To Class: ClassName=Cortex_M Member=Component R6 10KΩ
Added Member To Class: ClassName=Cortex_M Member=Component R7 5.1KΩ
Added Member To Class: ClassName=Cortex_M Member=Component R9 10KΩ
Added Member To Class: ClassName=Cortex_M Member=Component R11 0Ω
Added Member To Class: ClassName=Cortex_M Member=Component R12 NC
Added Member To Class: ClassName=zynq Member=Component R13 10KΩ
Added Member To Class: ClassName=zynq Member=Component R16 10KΩ
Added Member To Class: ClassName=zynq Member=Component R17 10KΩ
Added Member To Class: ClassName=zynq Member=Component R18 1KΩ
Added Member To Class: ClassName=zynq Member=Component R19 1KΩ
Added Member To Class: ClassName=zynq Member=Component R21 20KΩ
Added Member To Class: ClassName=zynq Member=Component R22 10KΩ
Added Member To Class: ClassName=zynq Member=Component R24 1KΩ
Added Member To Class: ClassName=zynq Member=Component R26 120Ω
Added Member To Class: ClassName=zynq Member=Component R28 120Ω
Added Member To Class: ClassName=zynq Member=Component R29 80.4
Added Member To Class: ClassName=zynq Member=Component R30 1.2KΩ
Added Member To Class: ClassName=jtag Member=Component R33 10KΩ (1002) ±1%
Added Member To Class: ClassName=jtag Member=Component R35 10KΩ (1002) ±1%
Added Member To Class: ClassName=jtag Member=Component R36 10KΩ (1002) ±1%
Added Member To Class: ClassName=jtag Member=Component R37 2.2KΩ
Added Member To Class: ClassName=jtag Member=Component R40 33Ω
Added Member To Class: ClassName=jtag Member=Component R41 33Ω
Added Member To Class: ClassName=jtag Member=Component R44 33Ω
Added Member To Class: ClassName=jtag Member=Component R45 12KΩ
Added Member To Class: ClassName=jtag Member=Component R47 1KΩ (1001) ±1%
Added Member To Class: ClassName=jtag Member=Component R49 33Ω
Added Member To Class: ClassName=jtag Member=Component R50 10KΩ
Added Member To Class: ClassName=jtag Member=Component R52 5.1KΩ
Added Member To Class: ClassName=power Member=Component R54 0Ω
Added Member To Class: ClassName=power Member=Component R56 10KΩ
Added Member To Class: ClassName=power Member=Component R57 NC
Added Member To Class: ClassName=power Member=Component R58 10KΩ
Added Member To Class: ClassName=power Member=Component R60 1.2KΩ
Added Member To Class: ClassName=power Member=Component R63 680Ω
Added Member To Class: ClassName=power Member=Component R65 51KΩ (5102) ±1%
Added Member To Class: ClassName=power Member=Component R67 3.9KΩ (3901) ±1%
Added Member To Class: ClassName=power Member=Component R69 0Ω (0R0) ±1%
Added Member To Class: ClassName=power Member=Component R71 10KΩ (1002) ±1%
Added Member To Class: ClassName=power Member=Component R73 NC
Added Member To Class: ClassName=power Member=Component R75 200Ω (2000) ±1%
Added Member To Class: ClassName=power Member=Component R77 0Ω
Added Member To Class: ClassName=power Member=Component R79 120KΩ (1203) ±1%
Added Member To Class: ClassName=power Member=Component R80 10KΩ
Added Member To Class: ClassName=power Member=Component R83 1.2KΩ (1201) ±1%
Added Member To Class: ClassName=power Member=Component R84 220Ω (2200) ±1%
Added Member To Class: ClassName=power Member=Component R85 5.1Ω (5R10) ±1%
Added Member To Class: ClassName=power Member=Component R87 10KΩ
Added Member To Class: ClassName=power Member=Component R89 2.2KΩ (2201) ±1%
Added Member To Class: ClassName=power Member=Component R91 0Ω (0R0) ±1%
Added Member To Class: ClassName=AD9156 Member=Component R92 0Ω
Added Member To Class: ClassName=AD9156 Member=Component R94 100Ω (1000) ±1%
Added Member To Class: ClassName=AD9156 Member=Component R95 2KΩ
Added Member To Class: ClassName=AD9156 Member=Component R97 120Ω
Added Member To Class: ClassName=AD9156 Member=Component R99 0Ω
Added Member To Class: ClassName=AD9156 Member=Component R101 100Ω
Added Member To Class: ClassName=AD9156 Member=Component R103 0Ω
Added Member To Class: ClassName=AD9156 Member=Component R107 49.9Ω
Added Member To Class: ClassName=AD9156 Member=Component R109 0
Added Member To Class: ClassName=AD9156 Member=Component R111 0Ω
Added Member To Class: ClassName=Risc_V Member=Component R114 10KΩ
Added Member To Class: ClassName=Risc_V Member=Component R116 10KΩ
