Removed Pin From Net: NetName=PI6 Pin=U1-A2
Removed Pin From Net: NetName=PI5 Pin=U1-A3
Removed Pin From Net: NetName=PI4 Pin=U1-A4
Removed Pin From Net: NetName=PK5 Pin=U1-A8
Removed Pin From Net: NetName=PA15 Pin=U1-A14
Removed Pin From Net: NetName=VMCU_ON Pin=U1-A15
Removed Pin From Net: NetName=VMCU_ON_S Pin=U1-A16
Removed Pin From Net: NetName=PI7 Pin=U1-B3
Removed Pin From Net: NetName=PE1 Pin=U1-B4
Removed Pin From Net: NetName=UART1_TX Pin=U1-B5
Removed Pin From Net: NetName=PB4 Pin=U1-B7
Removed Pin From Net: NetName=PK4 Pin=U1-B8
Removed Pin From Net: NetName=PJ15 Pin=U1-B10
Removed Pin From Net: NetName=PA14 Pin=U1-B14
Removed Pin From Net: NetName=PI2 Pin=U1-B15
Removed Pin From Net: NetName=SYNCn Pin=U1-B16
Removed Pin From Net: NetName=REF_SEL Pin=U1-B17
Removed Pin From Net: NetName=PC15 Pin=U1-C1
Removed Pin From Net: NetName=PC14 Pin=U1-C2
Removed Pin From Net: NetName=PE2 Pin=U1-C3
Removed Pin From Net: NetName=PE0 Pin=U1-C4
Removed Pin From Net: NetName=UART1_RX Pin=U1-C5
Removed Pin From Net: NetName=PB3 Pin=U1-C6
Removed Pin From Net: NetName=PK6 Pin=U1-C7
Removed Pin From Net: NetName=PK3 Pin=U1-C8
Removed Pin From Net: NetName=PG12 Pin=U1-C9
Removed Pin From Net: NetName=PC12 Pin=U1-C12
Removed Pin From Net: NetName=PI3 Pin=U1-C14
Removed Pin From Net: NetName=STATUS Pin=U1-C15
Removed Pin From Net: NetName=PE5 Pin=U1-D1
Removed Pin From Net: NetName=PE4 Pin=U1-D2
Removed Pin From Net: NetName=PE3 Pin=U1-D3
Removed Pin From Net: NetName=PB9 Pin=U1-D4
Removed Pin From Net: NetName=PB8 Pin=U1-D5
Removed Pin From Net: NetName=PG15 Pin=U1-D6
Removed Pin From Net: NetName=PK7 Pin=U1-D7
Removed Pin From Net: NetName=PG14 Pin=U1-D8
Removed Pin From Net: NetName=PG13 Pin=U1-D9
Removed Pin From Net: NetName=PJ14 Pin=U1-D10
Removed Pin From Net: NetName=PJ12 Pin=U1-D11
Removed Pin From Net: NetName=PD2 Pin=U1-D12
Removed Pin From Net: NetName=PD0 Pin=U1-D13
Removed Pin From Net: NetName=PA10 Pin=U1-D14
Removed Pin From Net: NetName=LD Pin=U1-D15
Removed Pin From Net: NetName=REFMON Pin=U1-D16
Removed Pin From Net: NetName=PI9 Pin=U1-E2
Removed Pin From Net: NetName=PC13 Pin=U1-E3
Removed Pin From Net: NetName=PI8 Pin=U1-E4
Removed Pin From Net: NetName=PE6 Pin=U1-E5
Removed Pin From Net: NetName=PJ13 Pin=U1-E10
Removed Pin From Net: NetName=PD1 Pin=U1-E12
Removed Pin From Net: NetName=PC8 Pin=U1-E13
Removed Pin From Net: NetName=PC9 Pin=U1-E14
Removed Pin From Net: NetName=PA8 Pin=U1-E15
Removed Pin From Net: NetName=PA12 Pin=U1-E16
Removed Pin From Net: NetName=PA11 Pin=U1-E17
Removed Pin From Net: NetName=PI10 Pin=U1-F3
Removed Pin From Net: NetName=PI11 Pin=U1-F4
Removed Pin From Net: NetName=PC7 Pin=U1-F13
Removed Pin From Net: NetName=PC6 Pin=U1-F14
Removed Pin From Net: NetName=PG8 Pin=U1-F15
Removed Pin From Net: NetName=PG7 Pin=U1-F16
Removed Pin From Net: NetName=PF2 Pin=U1-G1
Removed Pin From Net: NetName=PF1 Pin=U1-G3
Removed Pin From Net: NetName=PF0 Pin=U1-G4
Removed Pin From Net: NetName=PG5 Pin=U1-G14
Removed Pin From Net: NetName=PG6 Pin=U1-G15
Removed Pin From Net: NetName=PI12 Pin=U1-H1
Removed Pin From Net: NetName=PI13 Pin=U1-H2
Removed Pin From Net: NetName=PI14 Pin=U1-H3
Removed Pin From Net: NetName=PF3 Pin=U1-H4
Removed Pin From Net: NetName=PG4 Pin=U1-H14
Removed Pin From Net: NetName=PG3 Pin=U1-H15
Removed Pin From Net: NetName=PG2 Pin=U1-H16
Removed Pin From Net: NetName=PK2 Pin=U1-H17
Removed Pin From Net: NetName=PH1 Pin=U1-J1
Removed Pin From Net: NetName=PH0 Pin=U1-J2
Removed Pin From Net: NetName=PF5 Pin=U1-J4
Removed Pin From Net: NetName=PF4 Pin=U1-J5
Removed Pin From Net: NetName=PK0 Pin=U1-J14
Removed Pin From Net: NetName=PK1 Pin=U1-J15
Removed Pin From Net: NetName=PF6 Pin=U1-K2
Removed Pin From Net: NetName=PF7 Pin=U1-K3
Removed Pin From Net: NetName=PF8 Pin=U1-K4
Removed Pin From Net: NetName=PJ11 Pin=U1-K14
Removed Pin From Net: NetName=PC0 Pin=U1-L2
Removed Pin From Net: NetName=PF10 Pin=U1-L3
Removed Pin From Net: NetName=PF9 Pin=U1-L4
Removed Pin From Net: NetName=PJ10 Pin=U1-L14
Removed Pin From Net: NetName=PC1 Pin=U1-M2
Removed Pin From Net: NetName=PC2 Pin=U1-M3
Removed Pin From Net: NetName=PC3 Pin=U1-M4
Removed Pin From Net: NetName=PJ9 Pin=U1-M14
Removed Pin From Net: NetName=PH2 Pin=U1-N2
Removed Pin From Net: NetName=U8_RX Pin=U1-N3
Removed Pin From Net: NetName=PA1 Pin=U1-N4
Removed Pin From Net: NetName=PA0 Pin=U1-N5
Removed Pin From Net: NetName=PJ0 Pin=U1-N6
Removed Pin From Net: NetName=PE10 Pin=U1-N9
Removed Pin From Net: NetName=PJ8 Pin=U1-N13
Removed Pin From Net: NetName=PJ7 Pin=U1-N14
Removed Pin From Net: NetName=PJ6 Pin=U1-N15
Removed Pin From Net: NetName=PH3 Pin=U1-P2
Removed Pin From Net: NetName=PH4 Pin=U1-P3
Removed Pin From Net: NetName=PH5 Pin=U1-P4
Removed Pin From Net: NetName=PI15 Pin=U1-P5
Removed Pin From Net: NetName=PJ1 Pin=U1-P6
Removed Pin From Net: NetName=PF13 Pin=U1-P7
Removed Pin From Net: NetName=PF14 Pin=U1-P8
Removed Pin From Net: NetName=PE9 Pin=U1-P9
Removed Pin From Net: NetName=PE11 Pin=U1-P10
Removed Pin From Net: NetName=U5_RX Pin=U1-P11
Removed Pin From Net: NetName=U5_TX Pin=U1-P12
Removed Pin From Net: NetName=PH10 Pin=U1-P13
Removed Pin From Net: NetName=PH11 Pin=U1-P14
Removed Pin From Net: NetName=PD15 Pin=U1-P15
Removed Pin From Net: NetName=PD14 Pin=U1-P16
Removed Pin From Net: NetName=PC2_C Pin=U1-R1
Removed Pin From Net: NetName=PC3_C Pin=U1-R2
Removed Pin From Net: NetName=PA6 Pin=U1-R3
Removed Pin From Net: NetName=PA7 Pin=U1-R5
Removed Pin From Net: NetName=PB2 Pin=U1-R6
Removed Pin From Net: NetName=PF12 Pin=U1-R7
Removed Pin From Net: NetName=PF15 Pin=U1-R9
Removed Pin From Net: NetName=PE12 Pin=U1-R10
Removed Pin From Net: NetName=PE15 Pin=U1-R11
Removed Pin From Net: NetName=PJ5 Pin=U1-R12
Removed Pin From Net: NetName=PH9 Pin=U1-R13
Removed Pin From Net: NetName=PH12 Pin=U1-R14
Removed Pin From Net: NetName=PD11 Pin=U1-R15
Removed Pin From Net: NetName=PD12 Pin=U1-R16
Removed Pin From Net: NetName=PD13 Pin=U1-R17
Removed Pin From Net: NetName=PA0_C Pin=U1-T1
Removed Pin From Net: NetName=PA1_C Pin=U1-T2
Removed Pin From Net: NetName=PA5 Pin=U1-T3
Removed Pin From Net: NetName=PC4 Pin=U1-T4
Removed Pin From Net: NetName=PB1 Pin=U1-T5
Removed Pin From Net: NetName=PJ2 Pin=U1-T6
Removed Pin From Net: NetName=PF11 Pin=U1-T7
Removed Pin From Net: NetName=PG0 Pin=U1-T8
Removed Pin From Net: NetName=PE8 Pin=U1-T9
Removed Pin From Net: NetName=PE13 Pin=U1-T10
Removed Pin From Net: NetName=PH6 Pin=U1-T11
Removed Pin From Net: NetName=PH8 Pin=U1-T13
Removed Pin From Net: NetName=CSn Pin=U1-T14
Removed Pin From Net: NetName=SDIO Pin=U1-T15
Removed Pin From Net: NetName=PDn Pin=U1-T16
Removed Pin From Net: NetName=PD9 Pin=U1-T17
Removed Pin From Net: NetName=U8_TX Pin=U1-U2
Removed Pin From Net: NetName=PA4 Pin=U1-U3
Removed Pin From Net: NetName=PC5 Pin=U1-U4
Removed Pin From Net: NetName=PB0 Pin=U1-U5
Removed Pin From Net: NetName=PJ3 Pin=U1-U6
Removed Pin From Net: NetName=PJ4 Pin=U1-U7
Removed Pin From Net: NetName=PG1 Pin=U1-U8
Removed Pin From Net: NetName=PE7 Pin=U1-U9
Removed Pin From Net: NetName=PE14 Pin=U1-U10
Removed Pin From Net: NetName=PH7 Pin=U1-U13
Removed Pin From Net: NetName=SCLK Pin=U1-U14
Removed Pin From Net: NetName=SDO Pin=U1-U15
Removed Pin From Net: NetName=RESETn Pin=U1-U16
Change Component Footprint: Designator=R24 Old Footprint=R 0805_L New Footprint=0805_R
Added Pin To Net: NetName=PI6 Pin=U1-A2
Added Pin To Net: NetName=PI5 Pin=U1-A3
Added Pin To Net: NetName=PI4 Pin=U1-A4
Added Pin To Net: NetName=PK5 Pin=U1-A8
Added Pin To Net: NetName=PA15 Pin=U1-A14
Added Pin To Net: NetName=VMCU_ON Pin=U1-A15
Added Pin To Net: NetName=VMCU_ON_S Pin=U1-A16
Added Pin To Net: NetName=PI7 Pin=U1-B3
Added Pin To Net: NetName=PE1 Pin=U1-B4
Added Pin To Net: NetName=UART1_TX Pin=U1-B5
Added Pin To Net: NetName=PB4 Pin=U1-B7
Added Pin To Net: NetName=PK4 Pin=U1-B8
Added Pin To Net: NetName=PJ15 Pin=U1-B10
Added Pin To Net: NetName=PA14 Pin=U1-B14
Added Pin To Net: NetName=PI2 Pin=U1-B15
Added Pin To Net: NetName=SYNCn Pin=U1-B16
Added Pin To Net: NetName=REF_SEL Pin=U1-B17
Added Pin To Net: NetName=PC15 Pin=U1-C1
Added Pin To Net: NetName=PC14 Pin=U1-C2
Added Pin To Net: NetName=PE2 Pin=U1-C3
Added Pin To Net: NetName=PE0 Pin=U1-C4
Added Pin To Net: NetName=UART1_RX Pin=U1-C5
Added Pin To Net: NetName=PB3 Pin=U1-C6
Added Pin To Net: NetName=PK6 Pin=U1-C7
Added Pin To Net: NetName=PK3 Pin=U1-C8
Added Pin To Net: NetName=PG12 Pin=U1-C9
Added Pin To Net: NetName=PC12 Pin=U1-C12
Added Pin To Net: NetName=PI3 Pin=U1-C14
Added Pin To Net: NetName=STATUS Pin=U1-C15
Added Pin To Net: NetName=PE5 Pin=U1-D1
Added Pin To Net: NetName=PE4 Pin=U1-D2
Added Pin To Net: NetName=PE3 Pin=U1-D3
Added Pin To Net: NetName=PB9 Pin=U1-D4
Added Pin To Net: NetName=PB8 Pin=U1-D5
Added Pin To Net: NetName=PG15 Pin=U1-D6
Added Pin To Net: NetName=PK7 Pin=U1-D7
Added Pin To Net: NetName=PG14 Pin=U1-D8
Added Pin To Net: NetName=PG13 Pin=U1-D9
Added Pin To Net: NetName=PJ14 Pin=U1-D10
Added Pin To Net: NetName=PJ12 Pin=U1-D11
Added Pin To Net: NetName=PD2 Pin=U1-D12
Added Pin To Net: NetName=PD0 Pin=U1-D13
Added Pin To Net: NetName=PA10 Pin=U1-D14
Added Pin To Net: NetName=LD Pin=U1-D15
Added Pin To Net: NetName=REFMON Pin=U1-D16
Added Pin To Net: NetName=PI9 Pin=U1-E2
Added Pin To Net: NetName=PC13 Pin=U1-E3
Added Pin To Net: NetName=PI8 Pin=U1-E4
Added Pin To Net: NetName=PE6 Pin=U1-E5
Added Pin To Net: NetName=PJ13 Pin=U1-E10
Added Pin To Net: NetName=PD1 Pin=U1-E12
Added Pin To Net: NetName=PC8 Pin=U1-E13
Added Pin To Net: NetName=PC9 Pin=U1-E14
Added Pin To Net: NetName=PA8 Pin=U1-E15
Added Pin To Net: NetName=PA12 Pin=U1-E16
Added Pin To Net: NetName=PA11 Pin=U1-E17
Added Pin To Net: NetName=PI10 Pin=U1-F3
Added Pin To Net: NetName=PI11 Pin=U1-F4
Added Pin To Net: NetName=PC7 Pin=U1-F13
Added Pin To Net: NetName=PC6 Pin=U1-F14
Added Pin To Net: NetName=PG8 Pin=U1-F15
Added Pin To Net: NetName=PG7 Pin=U1-F16
Added Pin To Net: NetName=PF2 Pin=U1-G1
Added Pin To Net: NetName=PF1 Pin=U1-G3
Added Pin To Net: NetName=PF0 Pin=U1-G4
Added Pin To Net: NetName=PG5 Pin=U1-G14
Added Pin To Net: NetName=PG6 Pin=U1-G15
Added Pin To Net: NetName=PI12 Pin=U1-H1
Added Pin To Net: NetName=PI13 Pin=U1-H2
Added Pin To Net: NetName=PI14 Pin=U1-H3
Added Pin To Net: NetName=PF3 Pin=U1-H4
Added Pin To Net: NetName=PG4 Pin=U1-H14
Added Pin To Net: NetName=PG3 Pin=U1-H15
Added Pin To Net: NetName=PG2 Pin=U1-H16
Added Pin To Net: NetName=PK2 Pin=U1-H17
Added Pin To Net: NetName=PH1 Pin=U1-J1
Added Pin To Net: NetName=PH0 Pin=U1-J2
Added Pin To Net: NetName=PF5 Pin=U1-J4
Added Pin To Net: NetName=PF4 Pin=U1-J5
Added Pin To Net: NetName=PK0 Pin=U1-J14
Added Pin To Net: NetName=PK1 Pin=U1-J15
Added Pin To Net: NetName=PF6 Pin=U1-K2
Added Pin To Net: NetName=PF7 Pin=U1-K3
Added Pin To Net: NetName=PF8 Pin=U1-K4
Added Pin To Net: NetName=PJ11 Pin=U1-K14
Added Pin To Net: NetName=PC0 Pin=U1-L2
Added Pin To Net: NetName=PF10 Pin=U1-L3
Added Pin To Net: NetName=PF9 Pin=U1-L4
Added Pin To Net: NetName=PJ10 Pin=U1-L14
Added Pin To Net: NetName=PC1 Pin=U1-M2
Added Pin To Net: NetName=PC2 Pin=U1-M3
Added Pin To Net: NetName=PC3 Pin=U1-M4
Added Pin To Net: NetName=PJ9 Pin=U1-M14
Added Pin To Net: NetName=PH2 Pin=U1-N2
Added Pin To Net: NetName=U8_RX Pin=U1-N3
Added Pin To Net: NetName=PA1 Pin=U1-N4
Added Pin To Net: NetName=PA0 Pin=U1-N5
Added Pin To Net: NetName=PJ0 Pin=U1-N6
Added Pin To Net: NetName=PE10 Pin=U1-N9
Added Pin To Net: NetName=PJ8 Pin=U1-N13
Added Pin To Net: NetName=PJ7 Pin=U1-N14
Added Pin To Net: NetName=PJ6 Pin=U1-N15
Added Pin To Net: NetName=PH3 Pin=U1-P2
Added Pin To Net: NetName=PH4 Pin=U1-P3
Added Pin To Net: NetName=PH5 Pin=U1-P4
Added Pin To Net: NetName=PI15 Pin=U1-P5
Added Pin To Net: NetName=PJ1 Pin=U1-P6
Added Pin To Net: NetName=PF13 Pin=U1-P7
Added Pin To Net: NetName=PF14 Pin=U1-P8
Added Pin To Net: NetName=PE9 Pin=U1-P9
Added Pin To Net: NetName=PE11 Pin=U1-P10
Added Pin To Net: NetName=U5_RX Pin=U1-P11
Added Pin To Net: NetName=U5_TX Pin=U1-P12
Added Pin To Net: NetName=PH10 Pin=U1-P13
Added Pin To Net: NetName=PH11 Pin=U1-P14
Added Pin To Net: NetName=PD15 Pin=U1-P15
Added Pin To Net: NetName=PD14 Pin=U1-P16
Added Pin To Net: NetName=PC2_C Pin=U1-R1
Added Pin To Net: NetName=PC3_C Pin=U1-R2
Added Pin To Net: NetName=PA6 Pin=U1-R3
Added Pin To Net: NetName=PA7 Pin=U1-R5
Added Pin To Net: NetName=PB2 Pin=U1-R6
Added Pin To Net: NetName=PF12 Pin=U1-R7
Added Pin To Net: NetName=PF15 Pin=U1-R9
Added Pin To Net: NetName=PE12 Pin=U1-R10
Added Pin To Net: NetName=PE15 Pin=U1-R11
Added Pin To Net: NetName=PJ5 Pin=U1-R12
Added Pin To Net: NetName=PH9 Pin=U1-R13
Added Pin To Net: NetName=PH12 Pin=U1-R14
Added Pin To Net: NetName=PD11 Pin=U1-R15
Added Pin To Net: NetName=PD12 Pin=U1-R16
Added Pin To Net: NetName=PD13 Pin=U1-R17
Added Pin To Net: NetName=PA0_C Pin=U1-T1
Added Pin To Net: NetName=PA1_C Pin=U1-T2
Added Pin To Net: NetName=PA5 Pin=U1-T3
Added Pin To Net: NetName=PC4 Pin=U1-T4
Added Pin To Net: NetName=PB1 Pin=U1-T5
Added Pin To Net: NetName=PJ2 Pin=U1-T6
Added Pin To Net: NetName=PF11 Pin=U1-T7
Added Pin To Net: NetName=PG0 Pin=U1-T8
Added Pin To Net: NetName=PE8 Pin=U1-T9
Added Pin To Net: NetName=PE13 Pin=U1-T10
Added Pin To Net: NetName=PH6 Pin=U1-T11
Added Pin To Net: NetName=PH8 Pin=U1-T13
Added Pin To Net: NetName=CSn Pin=U1-T14
Added Pin To Net: NetName=SDIO Pin=U1-T15
Added Pin To Net: NetName=PDn Pin=U1-T16
Added Pin To Net: NetName=PD9 Pin=U1-T17
Added Pin To Net: NetName=U8_TX Pin=U1-U2
Added Pin To Net: NetName=PA4 Pin=U1-U3
Added Pin To Net: NetName=PC5 Pin=U1-U4
Added Pin To Net: NetName=PB0 Pin=U1-U5
Added Pin To Net: NetName=PJ3 Pin=U1-U6
Added Pin To Net: NetName=PJ4 Pin=U1-U7
Added Pin To Net: NetName=PG1 Pin=U1-U8
Added Pin To Net: NetName=PE7 Pin=U1-U9
Added Pin To Net: NetName=PE14 Pin=U1-U10
Added Pin To Net: NetName=PH7 Pin=U1-U13
Added Pin To Net: NetName=SCLK Pin=U1-U14
Added Pin To Net: NetName=SDO Pin=U1-U15
Added Pin To Net: NetName=RESETn Pin=U1-U16
Added Member To Class: ClassName=Cortex_M Member=Component U1 STM32H747XIH6
