Removed Pin From Net: NetName=NC Pin=U5-P1
Removed Pin From Net: NetName=NC Pin=U5-P3
Removed Pin From Net: NetName=NC Pin=U5-R1
Removed Pin From Net: NetName=NC Pin=U5-R2
Removed Pin From Net: NetName=NC Pin=U5-R3
Removed Pin From Net: NetName=NC Pin=U5-T2
Removed Pin From Net: NetName=NC Pin=U5-T4
Removed Pin From Net: NetName=NC Pin=U5-U2
Removed Pin From Net: NetName=NC Pin=U5-U3
Removed Pin From Net: NetName=NC Pin=U5-U4
Removed Pin From Net: NetName=NC Pin=U5-V1
Removed Pin From Net: NetName=NC Pin=U5-V2
Removed Pin From Net: NetName=NC Pin=U5-V3
Removed Pin From Net: NetName=NC Pin=U5-W1
Removed Pin From Net: NetName=NC Pin=U5-W3
Removed Pin From Net: NetName=NC Pin=U5-W4
Removed Pin From Net: NetName=NC Pin=U5-W5
Removed Pin From Net: NetName=NC Pin=U5-Y2
Removed Pin From Net: NetName=NC Pin=U5-Y3
Removed Pin From Net: NetName=NC Pin=U5-Y4
Added Component: Designator=C79(0201)
Add component (AddParameter): Name = "ComponentLink1Description"; Value = "供应商链接"; VariantName = "[No Variations]"
Add component (AddParameter): Name = "ComponentLink1URL"; Value = "http://www.szlcsc.com/product/details_1877.html"; VariantName = "[No Variations]"
Add component (AddParameter): Name = "Notepad"; Value = ""; VariantName = "[No Variations]"
Add component (AddParameter): Name = "Package"; Value = "0402"; VariantName = "[No Variations]"
Add component (AddParameter): Name = "Supplier"; Value = "LC"; VariantName = "[No Variations]"
Add component (AddParameter): Name = "SuppliersPartNumber"; Value = "C1525"; VariantName = "[No Variations]"
Added Pin To Net: NetName=GND Pin=C79-1
Added Pin To Net: NetName=VCC_1V5 Pin=C79-2
Added Member To Class: ClassName=zynq Member=Component C79 100nF
