Change Component Designator: OldDesignator=TP3 NewDesignator=TP7
Change Component Designator: OldDesignator=TP4 NewDesignator=TP8
Change Component Designator: OldDesignator=TP5 NewDesignator=TP9
Change Component Designator: OldDesignator=TP6 NewDesignator=TP10
Change Component Designator: OldDesignator=TP7 NewDesignator=TP11
Change Component Designator: OldDesignator=TP8 NewDesignator=TP12
Change Component Designator: OldDesignator=TP9 NewDesignator=TP13
Change Component Designator: OldDesignator=TP10 NewDesignator=TP14
Change Component Designator: OldDesignator=TP11 NewDesignator=TP15
Change Component Designator: OldDesignator=TP12 NewDesignator=TP16
Change Component Designator: OldDesignator=TP13 NewDesignator=TP17
Change Component Designator: OldDesignator=TP14 NewDesignator=TP18
Change Component Designator: OldDesignator=TP15 NewDesignator=TP19
Change Component Designator: OldDesignator=TP16 NewDesignator=TP20
Change Component Designator: OldDesignator=TP17 NewDesignator=TP21
Added Component: Designator=C79(0201)
Add component (AddParameter): Name = "ComponentLink1Description"; Value = "供应商链接"; VariantName = "[No Variations]"
Add component (AddParameter): Name = "ComponentLink1URL"; Value = "http://www.szlcsc.com/product/details_1877.html"; VariantName = "[No Variations]"
Add component (AddParameter): Name = "Notepad"; Value = ""; VariantName = "[No Variations]"
Add component (AddParameter): Name = "Package"; Value = "0402"; VariantName = "[No Variations]"
Add component (AddParameter): Name = "Supplier"; Value = "LC"; VariantName = "[No Variations]"
Add component (AddParameter): Name = "SuppliersPartNumber"; Value = "C1525"; VariantName = "[No Variations]"
Added Component: Designator=TP3(POINT)
Added Component: Designator=TP4(POINT)
Added Component: Designator=TP5(POINT)
Added Component: Designator=TP6(POINT)
Added Pin To Net: NetName=GND Pin=C79-1
Added Pin To Net: NetName=VCC_1V5 Pin=C79-2
Added Pin To Net: NetName=PSU2_RXD Pin=TP3-1
Added Pin To Net: NetName=PSU2_TXD Pin=TP4-1
Added Pin To Net: NetName=PSU1_RXD Pin=TP5-1
Added Pin To Net: NetName=PSU1_TXD Pin=TP6-1
Added Member To Class: ClassName=zynq Member=Component C79 100nF
Added Member To Class: ClassName=zynq Member=Component TP6 test-point
Added Member To Class: ClassName=zynq Member=Component TP7 test-point
Added Member To Class: ClassName=zynq Member=Component TP8 test-point
Added Member To Class: ClassName=zynq Member=Component TP9 test-point
