Removed Member From Class: ClassName=zynq Member=C95
Removed Member From Class: ClassName=zynq Member=C98
Removed Member From Class: ClassName=jtag Member=C106
Removed Member From Class: ClassName=zynq Member=C106
Removed Member From Class: ClassName=jtag Member=C108
Removed Member From Class: ClassName=zynq Member=C108
Removed Member From Class: ClassName=jtag Member=C113
Removed Member From Class: ClassName=jtag Member=C129
Removed Member From Class: ClassName=zynq Member=C129
Removed Member From Class: ClassName=jtag Member=C133
Removed Member From Class: ClassName=zynq Member=C133
Removed Member From Class: ClassName=power Member=C140
Removed Member From Class: ClassName=AD9156 Member=C191
Removed Member From Class: ClassName=AD9156 Member=C192
Removed Member From Class: ClassName=AD9156 Member=C193
Removed Member From Class: ClassName=AD9156 Member=C194
Removed Member From Class: ClassName=AD9156 Member=C196
Change Component Designator: OldDesignator=C36 NewDesignator=C38
Change Component Designator: OldDesignator=C37 NewDesignator=C39
Change Component Designator: OldDesignator=C38 NewDesignator=C40
Change Component Designator: OldDesignator=C39 NewDesignator=C41
Change Component Designator: OldDesignator=C40 NewDesignator=C42
Change Component Designator: OldDesignator=C41 NewDesignator=C43
Change Component Designator: OldDesignator=C42 NewDesignator=C44
Change Component Designator: OldDesignator=C43 NewDesignator=C45
Change Component Designator: OldDesignator=C44 NewDesignator=C46
Change Component Designator: OldDesignator=C45 NewDesignator=C47
Change Component Designator: OldDesignator=C46 NewDesignator=C48
Change Component Designator: OldDesignator=C47 NewDesignator=C49
Change Component Designator: OldDesignator=C48 NewDesignator=C50
Change Component Designator: OldDesignator=C49 NewDesignator=C51
Change Component Designator: OldDesignator=C50 NewDesignator=C52
Change Component Designator: OldDesignator=C51 NewDesignator=C55
Change Component Designator: OldDesignator=C52 NewDesignator=C56
Change Component Designator: OldDesignator=C53 NewDesignator=C57
Change Component Designator: OldDesignator=C54 NewDesignator=C58
Change Component Designator: OldDesignator=C55 NewDesignator=C59
Change Component Designator: OldDesignator=C56 NewDesignator=C60
Change Component Designator: OldDesignator=C57 NewDesignator=C61
Change Component Designator: OldDesignator=C58 NewDesignator=C62
Change Component Designator: OldDesignator=C59 NewDesignator=C63
Change Component Designator: OldDesignator=C60 NewDesignator=C64
Change Component Designator: OldDesignator=C61 NewDesignator=C65
Change Component Designator: OldDesignator=C62 NewDesignator=C66
Change Component Designator: OldDesignator=C63 NewDesignator=C67
Change Component Designator: OldDesignator=C64 NewDesignator=C68
Change Component Designator: OldDesignator=C65 NewDesignator=C69
Change Component Designator: OldDesignator=C66 NewDesignator=C70
Change Component Designator: OldDesignator=C67 NewDesignator=C71
Change Component Designator: OldDesignator=C68 NewDesignator=C72
Change Component Designator: OldDesignator=C69 NewDesignator=C73
Change Component Designator: OldDesignator=C70 NewDesignator=C74
Change Component Designator: OldDesignator=C71 NewDesignator=C75
Change Component Designator: OldDesignator=C72 NewDesignator=C76
Change Component Designator: OldDesignator=C73 NewDesignator=C77
Change Component Designator: OldDesignator=C74 NewDesignator=C78
Change Component Designator: OldDesignator=C75 NewDesignator=C79
Change Component Designator: OldDesignator=C76 NewDesignator=C80
Change Component Designator: OldDesignator=C77 NewDesignator=C81
Change Component Designator: OldDesignator=C78 NewDesignator=C82
Change Component Designator: OldDesignator=C79 NewDesignator=C83
Change Component Designator: OldDesignator=C80 NewDesignator=C84
Change Component Designator: OldDesignator=C81 NewDesignator=C85
Change Component Designator: OldDesignator=C82 NewDesignator=C86
Change Component Designator: OldDesignator=C83 NewDesignator=C87
Change Component Designator: OldDesignator=C84 NewDesignator=C88
Change Component Designator: OldDesignator=C85 NewDesignator=C89
Change Component Designator: OldDesignator=C86 NewDesignator=C90
Change Component Designator: OldDesignator=C87 NewDesignator=C91
Change Component Designator: OldDesignator=C88 NewDesignator=C92
Change Component Designator: OldDesignator=C89 NewDesignator=C93
Change Component Designator: OldDesignator=C90 NewDesignator=C94
Change Component Designator: OldDesignator=C91 NewDesignator=C95
Change Component Designator: OldDesignator=C92 NewDesignator=C96
Change Component Designator: OldDesignator=C93 NewDesignator=C97
Change Component Designator: OldDesignator=C94 NewDesignator=C98
Change Component Designator: OldDesignator=C95 NewDesignator=C99
Change Component Designator: OldDesignator=C96 NewDesignator=C100
Change Component Designator: OldDesignator=C97 NewDesignator=C101
Change Component Designator: OldDesignator=C98 NewDesignator=C102
Change Component Designator: OldDesignator=C99 NewDesignator=C103
Change Component Designator: OldDesignator=C100 NewDesignator=C104
Change Component Designator: OldDesignator=C101 NewDesignator=C105
Change Component Designator: OldDesignator=C102 NewDesignator=C106
Change Component Designator: OldDesignator=C103 NewDesignator=C107
Change Component Designator: OldDesignator=C104 NewDesignator=C108
Change Component Designator: OldDesignator=C105 NewDesignator=C109
Change Component Designator: OldDesignator=C106 NewDesignator=C110
Change Component Designator: OldDesignator=C107 NewDesignator=C111
Change Component Designator: OldDesignator=C108 NewDesignator=C112
Change Component Designator: OldDesignator=C109 NewDesignator=C113
Change Component Designator: OldDesignator=C110 NewDesignator=C114
Change Component Designator: OldDesignator=C111 NewDesignator=C115
Change Component Designator: OldDesignator=C112 NewDesignator=C116
Change Component Designator: OldDesignator=C113 NewDesignator=C117
Change Component Designator: OldDesignator=C114 NewDesignator=C118
Change Component Designator: OldDesignator=C115 NewDesignator=C119
Change Component Designator: OldDesignator=C116 NewDesignator=C120
Change Component Designator: OldDesignator=C117 NewDesignator=C121
Change Component Designator: OldDesignator=C118 NewDesignator=C122
Change Component Designator: OldDesignator=C119 NewDesignator=C123
Change Component Designator: OldDesignator=C120 NewDesignator=C124
Change Component Designator: OldDesignator=C121 NewDesignator=C125
Change Component Designator: OldDesignator=C122 NewDesignator=C126
Change Component Designator: OldDesignator=C123 NewDesignator=C127
Change Component Designator: OldDesignator=C124 NewDesignator=C128
Change Component Designator: OldDesignator=C125 NewDesignator=C129
Change Component Designator: OldDesignator=C126 NewDesignator=C130
Change Component Designator: OldDesignator=C127 NewDesignator=C131
Change Component Designator: OldDesignator=C128 NewDesignator=C132
Change Component Designator: OldDesignator=C129 NewDesignator=C133
Change Component Designator: OldDesignator=C130 NewDesignator=C134
Change Component Designator: OldDesignator=C131 NewDesignator=C135
Change Component Designator: OldDesignator=C132 NewDesignator=C136
Change Component Designator: OldDesignator=C133 NewDesignator=C137
Change Component Designator: OldDesignator=C134 NewDesignator=C138
Change Component Designator: OldDesignator=C135 NewDesignator=C139
Change Component Designator: OldDesignator=C136 NewDesignator=C140
Change Component Designator: OldDesignator=C137 NewDesignator=C141
Change Component Designator: OldDesignator=C138 NewDesignator=C142
Change Component Designator: OldDesignator=C139 NewDesignator=C143
Change Component Designator: OldDesignator=C140 NewDesignator=C144
Change Component Designator: OldDesignator=C141 NewDesignator=C145
Change Component Designator: OldDesignator=C142 NewDesignator=C146
Change Component Designator: OldDesignator=C143 NewDesignator=C147
Change Component Designator: OldDesignator=C144 NewDesignator=C148
Change Component Designator: OldDesignator=C145 NewDesignator=C149
Change Component Designator: OldDesignator=C146 NewDesignator=C150
Change Component Designator: OldDesignator=C147 NewDesignator=C151
Change Component Designator: OldDesignator=C148 NewDesignator=C152
Change Component Designator: OldDesignator=C149 NewDesignator=C153
Change Component Designator: OldDesignator=C150 NewDesignator=C154
Change Component Designator: OldDesignator=C151 NewDesignator=C155
Change Component Designator: OldDesignator=C152 NewDesignator=C156
Change Component Designator: OldDesignator=C153 NewDesignator=C157
Change Component Designator: OldDesignator=C154 NewDesignator=C158
Change Component Designator: OldDesignator=C155 NewDesignator=C159
Change Component Designator: OldDesignator=C156 NewDesignator=C160
Change Component Designator: OldDesignator=C157 NewDesignator=C161
Change Component Designator: OldDesignator=C158 NewDesignator=C162
Change Component Designator: OldDesignator=C159 NewDesignator=C163
Change Component Designator: OldDesignator=C160 NewDesignator=C164
Change Component Designator: OldDesignator=C161 NewDesignator=C165
Change Component Designator: OldDesignator=C162 NewDesignator=C166
Change Component Designator: OldDesignator=C163 NewDesignator=C167
Change Component Designator: OldDesignator=C164 NewDesignator=C168
Change Component Designator: OldDesignator=C165 NewDesignator=C169
Change Component Designator: OldDesignator=C166 NewDesignator=C170
Change Component Designator: OldDesignator=C167 NewDesignator=C171
Change Component Designator: OldDesignator=C168 NewDesignator=C172
Change Component Designator: OldDesignator=C169 NewDesignator=C173
Change Component Designator: OldDesignator=C170 NewDesignator=C174
Change Component Designator: OldDesignator=C171 NewDesignator=C175
Change Component Designator: OldDesignator=C172 NewDesignator=C176
Change Component Designator: OldDesignator=C173 NewDesignator=C177
Change Component Designator: OldDesignator=C174 NewDesignator=C178
Change Component Designator: OldDesignator=C175 NewDesignator=C179
Change Component Designator: OldDesignator=C176 NewDesignator=C180
Change Component Designator: OldDesignator=C177 NewDesignator=C181
Change Component Designator: OldDesignator=C178 NewDesignator=C182
Change Component Designator: OldDesignator=C179 NewDesignator=C183
Change Component Designator: OldDesignator=C180 NewDesignator=C184
Change Component Designator: OldDesignator=C181 NewDesignator=C185
Change Component Designator: OldDesignator=C182 NewDesignator=C186
Change Component Designator: OldDesignator=C183 NewDesignator=C187
Change Component Designator: OldDesignator=C184 NewDesignator=C188
Change Component Designator: OldDesignator=C185 NewDesignator=C189
Change Component Designator: OldDesignator=C186 NewDesignator=C190
Change Component Designator: OldDesignator=C187 NewDesignator=C191
Change Component Designator: OldDesignator=C188 NewDesignator=C192
Change Component Designator: OldDesignator=C189 NewDesignator=C193
Change Component Designator: OldDesignator=C190 NewDesignator=C194
Change Component Designator: OldDesignator=C191 NewDesignator=C195
Change Component Designator: OldDesignator=C192 NewDesignator=C196
Change Component Designator: OldDesignator=C193 NewDesignator=C197
Change Component Designator: OldDesignator=C194 NewDesignator=C198
Change Component Designator: OldDesignator=C195 NewDesignator=C199
Change Component Designator: OldDesignator=C196 NewDesignator=C200
Change Component Designator: OldDesignator=R23 NewDesignator=R25
Change Component Designator: OldDesignator=R24 NewDesignator=R26
Change Component Designator: OldDesignator=R25 NewDesignator=R27
Change Component Designator: OldDesignator=R26 NewDesignator=R28
Change Component Designator: OldDesignator=R27 NewDesignator=R29
Change Component Designator: OldDesignator=R28 NewDesignator=R30
Change Component Designator: OldDesignator=R29 NewDesignator=R31
Change Component Designator: OldDesignator=R30 NewDesignator=R32
Change Component Designator: OldDesignator=R31 NewDesignator=R33
Change Component Designator: OldDesignator=R32 NewDesignator=R34
Change Component Designator: OldDesignator=R33 NewDesignator=R35
Change Component Designator: OldDesignator=R34 NewDesignator=R36
Change Component Designator: OldDesignator=R35 NewDesignator=R37
Change Component Designator: OldDesignator=R36 NewDesignator=R38
Change Component Designator: OldDesignator=R37 NewDesignator=R39
Change Component Designator: OldDesignator=R38 NewDesignator=R40
Change Component Designator: OldDesignator=R39 NewDesignator=R41
Change Component Designator: OldDesignator=R40 NewDesignator=R42
Change Component Designator: OldDesignator=R41 NewDesignator=R43
Change Component Designator: OldDesignator=R42 NewDesignator=R44
Change Component Designator: OldDesignator=R43 NewDesignator=R45
Change Component Designator: OldDesignator=R44 NewDesignator=R46
Change Component Designator: OldDesignator=R45 NewDesignator=R47
Change Component Designator: OldDesignator=R46 NewDesignator=R48
Change Component Designator: OldDesignator=R47 NewDesignator=R49
Change Component Designator: OldDesignator=R48 NewDesignator=R50
Change Component Designator: OldDesignator=R49 NewDesignator=R51
Change Component Designator: OldDesignator=R50 NewDesignator=R52
Change Component Designator: OldDesignator=R51 NewDesignator=R53
Change Component Designator: OldDesignator=R52 NewDesignator=R54
Change Component Designator: OldDesignator=R53 NewDesignator=R55
Change Component Designator: OldDesignator=R54 NewDesignator=R56
Change Component Designator: OldDesignator=R55 NewDesignator=R57
Change Component Designator: OldDesignator=R56 NewDesignator=R58
Change Component Designator: OldDesignator=R57 NewDesignator=R59
Change Component Designator: OldDesignator=R58 NewDesignator=R60
Change Component Designator: OldDesignator=R59 NewDesignator=R61
Change Component Designator: OldDesignator=R60 NewDesignator=R62
Change Component Designator: OldDesignator=R61 NewDesignator=R63
Change Component Designator: OldDesignator=R62 NewDesignator=R64
Change Component Designator: OldDesignator=R63 NewDesignator=R65
Change Component Designator: OldDesignator=R64 NewDesignator=R66
Change Component Designator: OldDesignator=R65 NewDesignator=R67
Change Component Designator: OldDesignator=R66 NewDesignator=R68
Change Component Designator: OldDesignator=R67 NewDesignator=R69
Change Component Designator: OldDesignator=R68 NewDesignator=R70
Change Component Designator: OldDesignator=R69 NewDesignator=R71
Change Component Designator: OldDesignator=R70 NewDesignator=R72
Change Component Designator: OldDesignator=R71 NewDesignator=R73
Change Component Designator: OldDesignator=R72 NewDesignator=R74
Change Component Designator: OldDesignator=R73 NewDesignator=R75
Change Component Designator: OldDesignator=R74 NewDesignator=R76
Change Component Designator: OldDesignator=R75 NewDesignator=R77
Change Component Designator: OldDesignator=R76 NewDesignator=R78
Change Component Designator: OldDesignator=R77 NewDesignator=R79
Change Component Designator: OldDesignator=R78 NewDesignator=R80
Change Component Designator: OldDesignator=R79 NewDesignator=R81
Change Component Designator: OldDesignator=R80 NewDesignator=R82
Change Component Designator: OldDesignator=R81 NewDesignator=R83
Change Component Designator: OldDesignator=R82 NewDesignator=R84
Change Component Designator: OldDesignator=R83 NewDesignator=R85
Change Component Designator: OldDesignator=R84 NewDesignator=R86
Change Component Designator: OldDesignator=R85 NewDesignator=R87
Change Component Designator: OldDesignator=R86 NewDesignator=R88
Change Component Designator: OldDesignator=R87 NewDesignator=R89
Change Component Designator: OldDesignator=R88 NewDesignator=R90
Change Component Designator: OldDesignator=R89 NewDesignator=R91
Change Component Designator: OldDesignator=R90 NewDesignator=R92
Change Component Designator: OldDesignator=R91 NewDesignator=R93
Change Component Designator: OldDesignator=R92 NewDesignator=R94
Change Component Designator: OldDesignator=R93 NewDesignator=R95
Change Component Designator: OldDesignator=R94 NewDesignator=R96
Change Component Designator: OldDesignator=R95 NewDesignator=R97
Change Component Designator: OldDesignator=R96 NewDesignator=R98
Change Component Designator: OldDesignator=R97 NewDesignator=R99
Change Component Designator: OldDesignator=R98 NewDesignator=R100
Change Component Designator: OldDesignator=R99 NewDesignator=R101
Change Component Designator: OldDesignator=R100 NewDesignator=R102
Change Component Designator: OldDesignator=R101 NewDesignator=R103
Change Component Designator: OldDesignator=R102 NewDesignator=R104
Change Component Designator: OldDesignator=R103 NewDesignator=R105
Change Component Designator: OldDesignator=R104 NewDesignator=R106
Change Component Designator: OldDesignator=R105 NewDesignator=R107
Change Component Designator: OldDesignator=R106 NewDesignator=R108
Change Component Designator: OldDesignator=R107 NewDesignator=R109
Change Component Designator: OldDesignator=R108 NewDesignator=R110
Change Component Designator: OldDesignator=R109 NewDesignator=R111
Change Component Designator: OldDesignator=R110 NewDesignator=R112
Change Component Designator: OldDesignator=R111 NewDesignator=R113
Change Component Designator: OldDesignator=R112 NewDesignator=R114
Change Component Designator: OldDesignator=R113 NewDesignator=R115
Added Component: Designator=C36(0402_C)
Add component (AddParameter): Name = "ComponentLink1Description"; Value = "供应商链接"; VariantName = "[No Variations]"
Add component (AddParameter): Name = "ComponentLink1URL"; Value = "http://www.szlcsc.com/product/details_1877.html"; VariantName = "[No Variations]"
Add component (AddParameter): Name = "Notepad"; Value = ""; VariantName = "[No Variations]"
Add component (AddParameter): Name = "Package"; Value = "0402"; VariantName = "[No Variations]"
Add component (AddParameter): Name = "Supplier"; Value = "LC"; VariantName = "[No Variations]"
Add component (AddParameter): Name = "SuppliersPartNumber"; Value = "C1525"; VariantName = "[No Variations]"
Added Component: Designator=C37(0402_C)
Add component (AddParameter): Name = "ComponentLink1Description"; Value = "供应商链接"; VariantName = "[No Variations]"
Add component (AddParameter): Name = "ComponentLink1URL"; Value = "http://www.szlcsc.com/product/details_15869.html"; VariantName = "[No Variations]"
Add component (AddParameter): Name = "Notepad"; Value = ""; VariantName = "[No Variations]"
Add component (AddParameter): Name = "Package"; Value = "0402"; VariantName = "[No Variations]"
Add component (AddParameter): Name = "Supplier"; Value = "LC"; VariantName = "[No Variations]"
Add component (AddParameter): Name = "SuppliersPartNumber"; Value = "C15195"; VariantName = "[No Variations]"
Added Component: Designator=C53(0402_C)
Add component (AddParameter): Name = "ComponentLink1Description"; Value = "供应商链接"; VariantName = "[No Variations]"
Add component (AddParameter): Name = "ComponentLink1URL"; Value = "http://www.szlcsc.com/product/details_1877.html"; VariantName = "[No Variations]"
Add component (AddParameter): Name = "Notepad"; Value = ""; VariantName = "[No Variations]"
Add component (AddParameter): Name = "Package"; Value = "0402"; VariantName = "[No Variations]"
Add component (AddParameter): Name = "Supplier"; Value = "LC"; VariantName = "[No Variations]"
Add component (AddParameter): Name = "SuppliersPartNumber"; Value = "C1525"; VariantName = "[No Variations]"
Added Component: Designator=C54(0402_C)
Add component (AddParameter): Name = "ComponentLink1Description"; Value = "供应商链接"; VariantName = "[No Variations]"
Add component (AddParameter): Name = "ComponentLink1URL"; Value = "http://www.szlcsc.com/product/details_15869.html"; VariantName = "[No Variations]"
Add component (AddParameter): Name = "Notepad"; Value = ""; VariantName = "[No Variations]"
Add component (AddParameter): Name = "Package"; Value = "0402"; VariantName = "[No Variations]"
Add component (AddParameter): Name = "Supplier"; Value = "LC"; VariantName = "[No Variations]"
Add component (AddParameter): Name = "SuppliersPartNumber"; Value = "C15195"; VariantName = "[No Variations]"
Added Component: Designator=R23(0402_R)
Add component (AddParameter): Name = "ComponentLink1Description"; Value = "供应商链接"; VariantName = "[No Variations]"
Add component (AddParameter): Name = "ComponentLink1URL"; Value = "http://www.szlcsc.com/product/details_12256.html"; VariantName = "[No Variations]"
Add component (AddParameter): Name = "Notepad"; Value = ""; VariantName = "[No Variations]"
Add component (AddParameter): Name = "Package"; Value = "0402"; VariantName = "[No Variations]"
Add component (AddParameter): Name = "Supplier"; Value = "LC"; VariantName = "[No Variations]"
Add component (AddParameter): Name = "SuppliersPartNumber"; Value = "C11702"; VariantName = "[No Variations]"
Added Component: Designator=R24(0402_R)
Add component (AddParameter): Name = "ComponentLink1Description"; Value = "供应商链接"; VariantName = "[No Variations]"
Add component (AddParameter): Name = "ComponentLink1URL"; Value = "http://www.szlcsc.com/product/details_12256.html"; VariantName = "[No Variations]"
Add component (AddParameter): Name = "Notepad"; Value = ""; VariantName = "[No Variations]"
Add component (AddParameter): Name = "Package"; Value = "0402"; VariantName = "[No Variations]"
Add component (AddParameter): Name = "Supplier"; Value = "LC"; VariantName = "[No Variations]"
Add component (AddParameter): Name = "SuppliersPartNumber"; Value = "C11702"; VariantName = "[No Variations]"
Added Pin To Net: NetName=VREF_DDR Pin=C36-1
Added Pin To Net: NetName=VCC_1V5 Pin=C36-2
Added Pin To Net: NetName=VREF_DDR Pin=C37-1
Added Pin To Net: NetName=VCC_1V5 Pin=C37-2
Added Pin To Net: NetName=GND Pin=C53-1
Added Pin To Net: NetName=VREF_DDR Pin=C53-2
Added Pin To Net: NetName=GND Pin=C54-1
Added Pin To Net: NetName=VREF_DDR Pin=C54-2
Added Pin To Net: NetName=VREF_DDR Pin=R23-1
Added Pin To Net: NetName=VCC_1V5 Pin=R23-2
Added Pin To Net: NetName=GND Pin=R24-1
Added Pin To Net: NetName=VREF_DDR Pin=R24-2
Change Net Name : Old Net Name=NetC94_1 New Net Name=NetC98_1
Change Net Name : Old Net Name=NetC95_1 New Net Name=NetC99_1
Change Net Name : Old Net Name=NetC99_2 New Net Name=NetC103_2
Change Net Name : Old Net Name=NetC131_2 New Net Name=NetC135_2
Change Net Name : Old Net Name=NetC150_2 New Net Name=NetC154_2
Change Net Name : Old Net Name=NetC151_1 New Net Name=NetC155_1
Change Net Name : Old Net Name=NetC151_2 New Net Name=NetC155_2
Change Net Name : Old Net Name=NetC153_2 New Net Name=NetC157_2
Change Net Name : Old Net Name=NetC154_2 New Net Name=NetC158_2
Change Net Name : Old Net Name=NetC196_2 New Net Name=NetC200_2
Change Net Name : Old Net Name=NetR23_2 New Net Name=NetR25_2
Change Net Name : Old Net Name=NetR27_2 New Net Name=VRN
Change Net Name : Old Net Name=NetR28_2 New Net Name=VRP
Change Net Name : Old Net Name=NetR33_2 New Net Name=NetR35_2
Change Net Name : Old Net Name=NetR35_1 New Net Name=NetR37_1
Change Net Name : Old Net Name=NetR36_1 New Net Name=NetR38_1
Change Net Name : Old Net Name=NetR37_1 New Net Name=NetR39_1
Change Net Name : Old Net Name=NetR38_1 New Net Name=NetR40_1
Change Net Name : Old Net Name=NetR41_2 New Net Name=NetR43_2
Change Net Name : Old Net Name=NetR42_2 New Net Name=NetR44_2
Change Net Name : Old Net Name=NetR44_1 New Net Name=NetR46_1
Change Net Name : Old Net Name=NetR45_1 New Net Name=NetR47_1
Change Net Name : Old Net Name=NetR51_2 New Net Name=NetR53_2
Change Net Name : Old Net Name=NetR54_1 New Net Name=NetR56_1
Change Net Name : Old Net Name=NetR56_2 New Net Name=NetR58_2
Change Net Name : Old Net Name=NetR57_1 New Net Name=NetR59_1
Change Net Name : Old Net Name=NetR60_1 New Net Name=NetR62_1
Change Net Name : Old Net Name=NetR61_2 New Net Name=NetR63_2
Change Net Name : Old Net Name=NetR62_2 New Net Name=NetR64_2
Change Net Name : Old Net Name=NetR71_2 New Net Name=NetR73_2
Change Net Name : Old Net Name=NetR75_1 New Net Name=NetR77_1
Change Net Name : Old Net Name=NetR76_1 New Net Name=NetR78_1
Change Net Name : Old Net Name=NetR77_2 New Net Name=NetR79_2
Change Net Name : Old Net Name=NetR79_2 New Net Name=NetR81_2
Change Net Name : Old Net Name=NetR80_1 New Net Name=NetR82_1
Change Net Name : Old Net Name=NetR84_1 New Net Name=NetR86_1
Change Net Name : Old Net Name=NetR85_2 New Net Name=NetR87_2
Change Net Name : Old Net Name=NetR91_2 New Net Name=NetR93_2
Change Net Name : Old Net Name=NetR92_2 New Net Name=NetR94_2
Change Net Name : Old Net Name=NetR96_2 New Net Name=NetR98_2
Change Net Name : Old Net Name=NetR100_1 New Net Name=NetR102_1
Change Net Name : Old Net Name=NetR102_1 New Net Name=NetR104_1
Change Net Name : Old Net Name=NetR113_2 New Net Name=NetR115_2
Added Member To Class: ClassName=zynq Member=Component C82 100nF
Added Member To Class: ClassName=zynq Member=Component C83 100nF
Added Member To Class: ClassName=zynq Member=Component C84 100nF
Added Member To Class: ClassName=zynq Member=Component C85 100nF
Added Member To Class: ClassName=zynq Member=Component C86 100nF
Added Member To Class: ClassName=zynq Member=Component C87 100nF
Added Member To Class: ClassName=zynq Member=Component C89 100nF
Added Member To Class: ClassName=zynq Member=Component C90 100nF
Added Member To Class: ClassName=zynq Member=Component C91 100nF
Added Member To Class: ClassName=zynq Member=Component C92 100nF
Added Member To Class: ClassName=jtag Member=Component C93 100nF
Added Member To Class: ClassName=jtag Member=Component C94 100nF
Added Member To Class: ClassName=jtag Member=Component C96 100nF
Added Member To Class: ClassName=jtag Member=Component C97 100nF
Added Member To Class: ClassName=jtag Member=Component C99 100nF
Added Member To Class: ClassName=jtag Member=Component C100 100nF
Added Member To Class: ClassName=jtag Member=Component C101 100nF
Added Member To Class: ClassName=jtag Member=Component C102 100nF
Added Member To Class: ClassName=jtag Member=Component C103 4.7uF
Added Member To Class: ClassName=jtag Member=Component C104 12pF (120) 5% 50V
Added Member To Class: ClassName=jtag Member=Component C105 12pF (120) 5% 50V
Added Member To Class: ClassName=power Member=Component C107 100uF
Added Member To Class: ClassName=power Member=Component C109 22uF
Added Member To Class: ClassName=power Member=Component C111 22uF
Added Member To Class: ClassName=power Member=Component C112 22uF
Added Member To Class: ClassName=power Member=Component C114 100uF
Added Member To Class: ClassName=power Member=Component C115 10uF
Added Member To Class: ClassName=power Member=Component C116 10uF
Added Member To Class: ClassName=power Member=Component C117 22uF
Added Member To Class: ClassName=power Member=Component C118 22uF
Added Member To Class: ClassName=power Member=Component C119 100pF
Added Member To Class: ClassName=power Member=Component C121 100nF
Added Member To Class: ClassName=power Member=Component C122 100uF
Added Member To Class: ClassName=power Member=Component C123 100uF
Added Member To Class: ClassName=power Member=Component C124 100uF
Added Member To Class: ClassName=power Member=Component C125 100uF
Added Member To Class: ClassName=power Member=Component C126 4.7uF
Added Member To Class: ClassName=power Member=Component C127 10uF
Added Member To Class: ClassName=power Member=Component C128 10uF
Added Member To Class: ClassName=power Member=Component C134 10uF
Added Member To Class: ClassName=power Member=Component C135 22uF
Added Member To Class: ClassName=power Member=Component C136 22uF
Added Member To Class: ClassName=power Member=Component C137 100pF
Added Member To Class: ClassName=power Member=Component C138 3.3nF
Added Member To Class: ClassName=AD9156 Member=Component C139 100nF
Added Member To Class: ClassName=AD9156 Member=Component C141 100nF
Added Member To Class: ClassName=AD9156 Member=Component C142 100nF
Added Member To Class: ClassName=AD9156 Member=Component C143 100nF
Added Member To Class: ClassName=AD9156 Member=Component C144 220nF
Added Member To Class: ClassName=AD9156 Member=Component C146 100nF
Added Member To Class: ClassName=AD9156 Member=Component C151 1uF
Added Member To Class: ClassName=AD9156 Member=Component C152 2.2uF
Added Member To Class: ClassName=AD9156 Member=Component C154 470pF
Added Member To Class: ClassName=AD9156 Member=Component C155 1uF
Added Member To Class: ClassName=AD9156 Member=Component C156 68nF
Added Member To Class: ClassName=AD9156 Member=Component C157 47nF
Added Member To Class: ClassName=AD9156 Member=Component C158 NC
Added Member To Class: ClassName=AD9156 Member=Component C159 100nF
Added Member To Class: ClassName=AD9156 Member=Component C160 100nF
Added Member To Class: ClassName=AD9156 Member=Component C161 100nF
Added Member To Class: ClassName=AD9156 Member=Component C162 220nF
Added Member To Class: ClassName=Risc_V Member=Component C163 100nF
Added Member To Class: ClassName=Risc_V Member=Component C164 100nF
Added Member To Class: ClassName=Risc_V Member=Component C165 100nF
Added Member To Class: ClassName=Risc_V Member=Component C166 100nF
Added Member To Class: ClassName=Risc_V Member=Component C167 100nF
Added Member To Class: ClassName=Risc_V Member=Component C168 100nF
Added Member To Class: ClassName=Risc_V Member=Component C169 100nF
Added Member To Class: ClassName=Risc_V Member=Component C170 100nF
Added Member To Class: ClassName=Risc_V Member=Component C171 100nF
Added Member To Class: ClassName=Risc_V Member=Component C172 100nF
Added Member To Class: ClassName=Risc_V Member=Component C173 100nF
Added Member To Class: ClassName=Risc_V Member=Component C174 100nF
Added Member To Class: ClassName=Risc_V Member=Component C175 100nF
Added Member To Class: ClassName=Risc_V Member=Component C176 100nF
Added Member To Class: ClassName=Risc_V Member=Component C177 100nF
Added Member To Class: ClassName=Risc_V Member=Component C178 4.7uF
Added Member To Class: ClassName=Risc_V Member=Component C179 4.7uF
Added Member To Class: ClassName=Risc_V Member=Component C180 4.7uF
Added Member To Class: ClassName=Risc_V Member=Component C181 4.7uF
Added Member To Class: ClassName=Risc_V Member=Component C182 4.7uF
Added Member To Class: ClassName=Risc_V Member=Component C183 4.7uF
Added Member To Class: ClassName=Risc_V Member=Component C184 4.7uF
Added Member To Class: ClassName=Risc_V Member=Component C185 4.7uF
Added Member To Class: ClassName=Risc_V Member=Component C186 10uF
Added Member To Class: ClassName=Risc_V Member=Component C187 10u
Added Member To Class: ClassName=Risc_V Member=Component C188 1uF
Added Member To Class: ClassName=Risc_V Member=Component C189 2.2uF
Added Member To Class: ClassName=Risc_V Member=Component C190 1.0uF
Added Member To Class: ClassName=Risc_V Member=Component C197 100nF
Added Member To Class: ClassName=Risc_V Member=Component C198 100nF
Added Member To Class: ClassName=Risc_V Member=Component C199 100nF
Added Member To Class: ClassName=Risc_V Member=Component C200 470pF
Added Member To Class: ClassName=zynq Member=Component R29 80.4
Added Member To Class: ClassName=zynq Member=Component R30 80.4
