Change Component Designator: Old Designator=C15 New Designator=C16
Change Component Designator: Old Designator=C16 New Designator=C17
Change Component Designator: Old Designator=C17 New Designator=C18
Change Component Designator: Old Designator=C18 New Designator=C19
Change Component Designator: Old Designator=C19 New Designator=C20
Change Component Designator: Old Designator=C20 New Designator=C21
Change Component Designator: Old Designator=C21 New Designator=C22
Change Component Designator: Old Designator=C22 New Designator=C23
Change Component Designator: Old Designator=C23 New Designator=C24
Change Component Designator: Old Designator=C24 New Designator=C25
Change Component Designator: Old Designator=C25 New Designator=C26
Change Component Designator: Old Designator=C? New Designator=C15
Change Component Designator: Old Designator=Q? New Designator=Q1
Change Component Designator: Old Designator=R6 New Designator=R7
Change Component Designator: Old Designator=R7 New Designator=R8
Change Component Designator: Old Designator=R8 New Designator=R9
Change Component Designator: Old Designator=R9 New Designator=R10
Change Component Designator: Old Designator=R10 New Designator=R11
Change Component Designator: Old Designator=R11 New Designator=R12
Change Component Designator: Old Designator=R? New Designator=R6
